<?xml version="1.0" encoding="UTF-8"?>
<!-- Generated by org.testng.reporters.JUnitXMLReporter -->
<testsuite ignored="4" hostname="DESKTOP-BUIJLGK" failures="5" tests="19" name="FirstTests" time="48.786" errors="0" timestamp="2025-04-14T02:40:41 GMT+02:00">
  <testcase classname="tests.LoginTest" name="testInValidLogin" time="5.74">
    <failure type="java.lang.AssertionError" message="Error message does not match for locked out user expected [ðŸ˜ž: Username is required] but found [Epic sadface: Username is required]">
      <![CDATA[java.lang.AssertionError: Error message does not match for locked out user expected [ðŸ˜ž: Username is required] but found [Epic sadface: Username is required]
at pages.LoginPage.login(LoginPage.java:42)
at tests.LoginTest.testInValidLogin(LoginTest.java:46)
at java.base/java.util.ArrayList.forEach(ArrayList.java:1597)
at tests.TestRunner.main(TestRunner.java:25)
... Removed 27 stack frames]]>
    </failure>
  </testcase> <!-- testInValidLogin -->
  <testcase classname="tests.LoginTest" name="testInValidLogin" time="0.856">
    <failure type="java.lang.AssertionError" message="Error message does not match for locked out user expected [ðŸ˜ž: Password is required] but found [Epic sadface: Password is required]">
      <![CDATA[java.lang.AssertionError: Error message does not match for locked out user expected [ðŸ˜ž: Password is required] but found [Epic sadface: Password is required]
at pages.LoginPage.login(LoginPage.java:42)
at tests.LoginTest.testInValidLogin(LoginTest.java:46)
at java.base/java.util.ArrayList.forEach(ArrayList.java:1597)
at tests.TestRunner.main(TestRunner.java:25)
... Removed 27 stack frames]]>
    </failure>
  </testcase> <!-- testInValidLogin -->
  <testcase classname="tests.LoginTest" name="testInValidLogin" time="0.818">
    <failure type="java.lang.AssertionError" message="Error message does not match for locked out user expected [ðŸ˜ž: Username and password do not match any user in this service] but found [Epic sadface: Username and password do not match any user in this service]">
      <![CDATA[java.lang.AssertionError: Error message does not match for locked out user expected [ðŸ˜ž: Username and password do not match any user in this service] but found [Epic sadface: Username and password do not match any user in this service]
at pages.LoginPage.login(LoginPage.java:42)
at tests.LoginTest.testInValidLogin(LoginTest.java:46)
at java.base/java.util.ArrayList.forEach(ArrayList.java:1597)
at tests.TestRunner.main(TestRunner.java:25)
... Removed 27 stack frames]]>
    </failure>
  </testcase> <!-- testInValidLogin -->
  <testcase classname="tests.LoginTest" name="testInValidLogin" time="0.802">
    <failure type="java.lang.AssertionError" message="Error message does not match for locked out user expected [ðŸ˜ž: Username and password do not match any user in this service] but found [Epic sadface: Username and password do not match any user in this service]">
      <![CDATA[java.lang.AssertionError: Error message does not match for locked out user expected [ðŸ˜ž: Username and password do not match any user in this service] but found [Epic sadface: Username and password do not match any user in this service]
at pages.LoginPage.login(LoginPage.java:42)
at tests.LoginTest.testInValidLogin(LoginTest.java:46)
at java.base/java.util.ArrayList.forEach(ArrayList.java:1597)
at tests.TestRunner.main(TestRunner.java:25)
... Removed 27 stack frames]]>
    </failure>
  </testcase> <!-- testInValidLogin -->
  <testcase classname="tests.LoginTest" name="testValidLogin" time="0.994"/>
  <testcase classname="tests.home.Navigation" name="navigateProducts" time="14.039"/>
  <testcase classname="tests.home.FiltrationTest" name="testNameSorting" time="2.279"/>
  <testcase classname="tests.home.FiltrationTest" name="testNameSorting" time="2.345"/>
  <testcase classname="tests.home.FiltrationTest" name="testPriceSorting" time="2.293"/>
  <testcase classname="tests.home.FiltrationTest" name="testPriceSorting" time="2.297"/>
  <testcase classname="tests.home.FooterTest" name="testFooter" time="0.507"/>
  <testcase classname="tests.home.FooterTest" name="testFooter" time="0.622"/>
  <testcase classname="tests.home.FooterTest" name="testFooter" time="0.586"/>
  <testcase classname="tests.home.AddToCart" name="addProductsToCart" time="7.38"/>
  <testcase classname="tests.home.MenuTest" name="testOpenMenu" time="0.351"/>
  <testcase classname="tests.home.MenuTest" name="testSideBarLinks" time="0.304"/>
  <testcase classname="tests.home.MenuTest" name="testSideBarLinks" time="5.711"/>
  <testcase classname="tests.home.MenuTest" name="testSideBarLinks" time="0.385">
    <failure type="java.lang.AssertionError" message="&amp;apos;Remove&amp;apos; buttons should not be visible after removing all items. expected [true] but found [false]">
      <![CDATA[java.lang.AssertionError: 'Remove' buttons should not be visible after removing all items. expected [true] but found [false]
at pages.home.HomePage.sideBarLinks(HomePage.java:81)
at tests.home.MenuTest.testSideBarLinks(MenuTest.java:36)
at java.base/java.util.ArrayList.forEach(ArrayList.java:1597)
at tests.TestRunner.main(TestRunner.java:25)
... Removed 25 stack frames]]>
    </failure>
  </testcase> <!-- testSideBarLinks -->
  <testcase classname="tests.home.MenuTest" name="testSideBarLinks" time="0.296"/>
  <testcase classname="tests.home.AddToCart" name="VerifyCartCount" time="0.0">
    <ignored/>
  </testcase> <!-- VerifyCartCount -->
  <testcase classname="tests.home.MenuTest" name="testMenuExistAllPages" time="0.0">
    <ignored/>
  </testcase> <!-- testMenuExistAllPages -->
  <testcase classname="tests.LoginTest" name="testGotTOHomePage" time="0.0">
    <ignored/>
  </testcase> <!-- testGotTOHomePage -->
  <testcase classname="tests.home.MenuTest" name="testCloseMenu" time="0.0">
    <ignored/>
  </testcase> <!-- testCloseMenu -->
</testsuite> <!-- FirstTests -->
