<html>
<head>
<title>TestNG:  SecondTests</title>
<link href="../testng.css" rel="stylesheet" type="text/css" />
<link href="../my-testng.css" rel="stylesheet" type="text/css" />

<style type="text/css">
.log { display: none;} 
.stack-trace { display: none;} 
</style>
<script type="text/javascript">
<!--
function flip(e) {
  current = e.style.display;
  if (current == 'block') {
    e.style.display = 'none';
    return 0;
  }
  else {
    e.style.display = 'block';
    return 1;
  }
}

function toggleBox(szDivId, elem, msg1, msg2)
{
  var res = -1;  if (document.getElementById) {
    res = flip(document.getElementById(szDivId));
  }
  else if (document.all) {
    // this is the way old msie versions work
    res = flip(document.all[szDivId]);
  }
  if(elem) {
    if(res == 0) elem.innerHTML = msg1; else elem.innerHTML = msg2;
  }

}

function toggleAllBoxes() {
  if (document.getElementsByTagName) {
    d = document.getElementsByTagName('div');
    for (i = 0; i < d.length; i++) {
      if (d[i].className == 'log') {
        flip(d[i]);
      }
    }
  }
}

// -->
</script>

</head>
<body>
<h2 align='center'>SecondTests</h2><table border='1' align="center">
<tr>
<td>Tests passed/Failed/Skipped:</td><td>15/4/0</td>
</tr><tr>
<td>Started on:</td><td>Mon Apr 14 21:07:17 GMT+02:00 2025</td>
</tr>
<tr><td>Total time:</td><td>23 seconds (23957 ms)</td>
</tr><tr>
<td>Included groups:</td><td>second </td>
</tr><tr>
<td>Excluded groups:</td><td></td>
</tr>
</table><p/>
<small><i>(Hover the method name to see the test class name)</i></small><p/>
<table width='100%' border='1' class='invocation-failed'>
<tr><td colspan='4' align='center'><b>FAILED TESTS</b></td></tr>
<tr><td><b>Test method</b></td>
<td><b>Attribute(s)</b></td>
<td width="30%"><b>Exception</b></td>
<td width="10%"><b>Time (seconds)</b></td>
<td><b>Instance</b></td>
</tr>
<tr>
<td title='tests.checkout.CheckOutInfoTest.testInValidFormSubmission()'><b>testInValidFormSubmission</b><br>Test class: tests.checkout.CheckOutInfoTest<br>Parameters: 11, 22, 12, first name and last name field should not accept numbers!</td>
<td><div><pre>java.lang.AssertionError: first name and last name field should not accept numbers! expected [https://www.saucedemo.com/checkout-step-one.html] but found [https://www.saucedemo.com/checkout-step-two.html]
	at pages.checkout.CheckOutInfoPage.inValidFormSubmission(CheckOutInfoPage.java:72)
	at tests.checkout.CheckOutInfoTest.testInValidFormSubmission(CheckOutInfoTest.java:51)
	at java.base/java.util.ArrayList.forEach(ArrayList.java:1597)
	at tests.TestRunner.main(TestRunner.java:25)
... Removed 27 stack frames</pre></div><a href='#' onClick='toggleBox("stack-trace853955254", this, "Click to show all stack frames", "Click to hide stack frames")'>Click to show all stack frames</a>
<div class='stack-trace' id='stack-trace853955254'><pre>java.lang.AssertionError: first name and last name field should not accept numbers! expected [https://www.saucedemo.com/checkout-step-one.html] but found [https://www.saucedemo.com/checkout-step-two.html]
	at org.testng.Assert.fail(Assert.java:111)
	at org.testng.Assert.failNotEquals(Assert.java:1590)
	at org.testng.Assert.assertEqualsImpl(Assert.java:150)
	at org.testng.Assert.assertEquals(Assert.java:132)
	at org.testng.Assert.assertEquals(Assert.java:656)
	at pages.checkout.CheckOutInfoPage.inValidFormSubmission(CheckOutInfoPage.java:72)
	at tests.checkout.CheckOutInfoTest.testInValidFormSubmission(CheckOutInfoTest.java:51)
	at java.base/jdk.internal.reflect.DirectMethodHandleAccessor.invoke(DirectMethodHandleAccessor.java:103)
	at java.base/java.lang.reflect.Method.invoke(Method.java:580)
	at org.testng.internal.invokers.MethodInvocationHelper.invokeMethod(MethodInvocationHelper.java:141)
	at org.testng.internal.invokers.TestInvoker.invokeMethod(TestInvoker.java:687)
	at org.testng.internal.invokers.TestInvoker.invokeTestMethod(TestInvoker.java:230)
	at org.testng.internal.invokers.MethodRunner.runInSequence(MethodRunner.java:63)
	at org.testng.internal.invokers.TestInvoker$MethodInvocationAgent.invoke(TestInvoker.java:995)
	at org.testng.internal.invokers.TestInvoker.invokeTestMethods(TestInvoker.java:203)
	at org.testng.internal.invokers.TestMethodWorker.invokeTestMethods(TestMethodWorker.java:154)
	at org.testng.internal.invokers.TestMethodWorker.run(TestMethodWorker.java:134)
	at java.base/java.util.ArrayList.forEach(ArrayList.java:1597)
	at org.testng.TestRunner.privateRun(TestRunner.java:741)
	at org.testng.TestRunner.run(TestRunner.java:616)
	at org.testng.SuiteRunner.runTest(SuiteRunner.java:421)
	at org.testng.SuiteRunner.runSequentially(SuiteRunner.java:413)
	at org.testng.SuiteRunner.privateRun(SuiteRunner.java:373)
	at org.testng.SuiteRunner.run(SuiteRunner.java:312)
	at org.testng.SuiteRunnerWorker.runSuite(SuiteRunnerWorker.java:52)
	at org.testng.SuiteRunnerWorker.run(SuiteRunnerWorker.java:95)
	at org.testng.TestNG.runSuitesSequentially(TestNG.java:1274)
	at org.testng.TestNG.runSuitesLocally(TestNG.java:1208)
	at org.testng.TestNG.runSuites(TestNG.java:1112)
	at org.testng.TestNG.run(TestNG.java:1079)
	at tests.TestRunner.main(TestRunner.java:25)
</pre></div></td>
<td>1</td>
<td>tests.checkout.CheckOutInfoTest@29176cc1</td></tr>
<tr>
<td title='tests.checkout.CheckOutInfoTest.testInValidFormSubmission()'><b>testInValidFormSubmission</b><br>Test class: tests.checkout.CheckOutInfoTest<br>Parameters: First, Last, , Error: Postal Code is required</td>
<td><div><pre>java.lang.AssertionError: First Name error icon should NOT be visible expected [false] but found [true]
	at pages.checkout.CheckOutInfoPage.inValidFormSubmission(CheckOutInfoPage.java:93)
	at tests.checkout.CheckOutInfoTest.testInValidFormSubmission(CheckOutInfoTest.java:51)
	at java.base/java.util.ArrayList.forEach(ArrayList.java:1597)
	at tests.TestRunner.main(TestRunner.java:25)
... Removed 25 stack frames</pre></div><a href='#' onClick='toggleBox("stack-trace424106351", this, "Click to show all stack frames", "Click to hide stack frames")'>Click to show all stack frames</a>
<div class='stack-trace' id='stack-trace424106351'><pre>java.lang.AssertionError: First Name error icon should NOT be visible expected [false] but found [true]
	at org.testng.Assert.fail(Assert.java:111)
	at org.testng.Assert.failNotEquals(Assert.java:1590)
	at org.testng.Assert.assertFalse(Assert.java:79)
	at pages.checkout.CheckOutInfoPage.inValidFormSubmission(CheckOutInfoPage.java:93)
	at tests.checkout.CheckOutInfoTest.testInValidFormSubmission(CheckOutInfoTest.java:51)
	at java.base/jdk.internal.reflect.DirectMethodHandleAccessor.invoke(DirectMethodHandleAccessor.java:103)
	at java.base/java.lang.reflect.Method.invoke(Method.java:580)
	at org.testng.internal.invokers.MethodInvocationHelper.invokeMethod(MethodInvocationHelper.java:141)
	at org.testng.internal.invokers.TestInvoker.invokeMethod(TestInvoker.java:687)
	at org.testng.internal.invokers.TestInvoker.invokeTestMethod(TestInvoker.java:230)
	at org.testng.internal.invokers.MethodRunner.runInSequence(MethodRunner.java:63)
	at org.testng.internal.invokers.TestInvoker$MethodInvocationAgent.invoke(TestInvoker.java:995)
	at org.testng.internal.invokers.TestInvoker.invokeTestMethods(TestInvoker.java:203)
	at org.testng.internal.invokers.TestMethodWorker.invokeTestMethods(TestMethodWorker.java:154)
	at org.testng.internal.invokers.TestMethodWorker.run(TestMethodWorker.java:134)
	at java.base/java.util.ArrayList.forEach(ArrayList.java:1597)
	at org.testng.TestRunner.privateRun(TestRunner.java:741)
	at org.testng.TestRunner.run(TestRunner.java:616)
	at org.testng.SuiteRunner.runTest(SuiteRunner.java:421)
	at org.testng.SuiteRunner.runSequentially(SuiteRunner.java:413)
	at org.testng.SuiteRunner.privateRun(SuiteRunner.java:373)
	at org.testng.SuiteRunner.run(SuiteRunner.java:312)
	at org.testng.SuiteRunnerWorker.runSuite(SuiteRunnerWorker.java:52)
	at org.testng.SuiteRunnerWorker.run(SuiteRunnerWorker.java:95)
	at org.testng.TestNG.runSuitesSequentially(TestNG.java:1274)
	at org.testng.TestNG.runSuitesLocally(TestNG.java:1208)
	at org.testng.TestNG.runSuites(TestNG.java:1112)
	at org.testng.TestNG.run(TestNG.java:1079)
	at tests.TestRunner.main(TestRunner.java:25)
</pre></div></td>
<td>1</td>
<td>tests.checkout.CheckOutInfoTest@29176cc1</td></tr>
<tr>
<td title='tests.checkout.CheckOutInfoTest.testInValidFormSubmission()'><b>testInValidFormSubmission</b><br>Test class: tests.checkout.CheckOutInfoTest<br>Parameters: , Last, 12345, Error: First Name is required</td>
<td><div><pre>java.lang.AssertionError: Last Name error icon should NOT be visible expected [false] but found [true]
	at pages.checkout.CheckOutInfoPage.inValidFormSubmission(CheckOutInfoPage.java:99)
	at tests.checkout.CheckOutInfoTest.testInValidFormSubmission(CheckOutInfoTest.java:51)
	at java.base/java.util.ArrayList.forEach(ArrayList.java:1597)
	at tests.TestRunner.main(TestRunner.java:25)
... Removed 25 stack frames</pre></div><a href='#' onClick='toggleBox("stack-trace449105069", this, "Click to show all stack frames", "Click to hide stack frames")'>Click to show all stack frames</a>
<div class='stack-trace' id='stack-trace449105069'><pre>java.lang.AssertionError: Last Name error icon should NOT be visible expected [false] but found [true]
	at org.testng.Assert.fail(Assert.java:111)
	at org.testng.Assert.failNotEquals(Assert.java:1590)
	at org.testng.Assert.assertFalse(Assert.java:79)
	at pages.checkout.CheckOutInfoPage.inValidFormSubmission(CheckOutInfoPage.java:99)
	at tests.checkout.CheckOutInfoTest.testInValidFormSubmission(CheckOutInfoTest.java:51)
	at java.base/jdk.internal.reflect.DirectMethodHandleAccessor.invoke(DirectMethodHandleAccessor.java:103)
	at java.base/java.lang.reflect.Method.invoke(Method.java:580)
	at org.testng.internal.invokers.MethodInvocationHelper.invokeMethod(MethodInvocationHelper.java:141)
	at org.testng.internal.invokers.TestInvoker.invokeMethod(TestInvoker.java:687)
	at org.testng.internal.invokers.TestInvoker.invokeTestMethod(TestInvoker.java:230)
	at org.testng.internal.invokers.MethodRunner.runInSequence(MethodRunner.java:63)
	at org.testng.internal.invokers.TestInvoker$MethodInvocationAgent.invoke(TestInvoker.java:995)
	at org.testng.internal.invokers.TestInvoker.invokeTestMethods(TestInvoker.java:203)
	at org.testng.internal.invokers.TestMethodWorker.invokeTestMethods(TestMethodWorker.java:154)
	at org.testng.internal.invokers.TestMethodWorker.run(TestMethodWorker.java:134)
	at java.base/java.util.ArrayList.forEach(ArrayList.java:1597)
	at org.testng.TestRunner.privateRun(TestRunner.java:741)
	at org.testng.TestRunner.run(TestRunner.java:616)
	at org.testng.SuiteRunner.runTest(SuiteRunner.java:421)
	at org.testng.SuiteRunner.runSequentially(SuiteRunner.java:413)
	at org.testng.SuiteRunner.privateRun(SuiteRunner.java:373)
	at org.testng.SuiteRunner.run(SuiteRunner.java:312)
	at org.testng.SuiteRunnerWorker.runSuite(SuiteRunnerWorker.java:52)
	at org.testng.SuiteRunnerWorker.run(SuiteRunnerWorker.java:95)
	at org.testng.TestNG.runSuitesSequentially(TestNG.java:1274)
	at org.testng.TestNG.runSuitesLocally(TestNG.java:1208)
	at org.testng.TestNG.runSuites(TestNG.java:1112)
	at org.testng.TestNG.run(TestNG.java:1079)
	at tests.TestRunner.main(TestRunner.java:25)
</pre></div></td>
<td>1</td>
<td>tests.checkout.CheckOutInfoTest@29176cc1</td></tr>
<tr>
<td title='tests.checkout.CheckOutInfoTest.testInValidFormSubmission()'><b>testInValidFormSubmission</b><br>Test class: tests.checkout.CheckOutInfoTest<br>Parameters: First, , 12345, Error: Last Name is required</td>
<td><div><pre>java.lang.AssertionError: First Name error icon should NOT be visible expected [false] but found [true]
	at pages.checkout.CheckOutInfoPage.inValidFormSubmission(CheckOutInfoPage.java:93)
	at tests.checkout.CheckOutInfoTest.testInValidFormSubmission(CheckOutInfoTest.java:51)
	at java.base/java.util.ArrayList.forEach(ArrayList.java:1597)
	at tests.TestRunner.main(TestRunner.java:25)
... Removed 25 stack frames</pre></div><a href='#' onClick='toggleBox("stack-trace1698746141", this, "Click to show all stack frames", "Click to hide stack frames")'>Click to show all stack frames</a>
<div class='stack-trace' id='stack-trace1698746141'><pre>java.lang.AssertionError: First Name error icon should NOT be visible expected [false] but found [true]
	at org.testng.Assert.fail(Assert.java:111)
	at org.testng.Assert.failNotEquals(Assert.java:1590)
	at org.testng.Assert.assertFalse(Assert.java:79)
	at pages.checkout.CheckOutInfoPage.inValidFormSubmission(CheckOutInfoPage.java:93)
	at tests.checkout.CheckOutInfoTest.testInValidFormSubmission(CheckOutInfoTest.java:51)
	at java.base/jdk.internal.reflect.DirectMethodHandleAccessor.invoke(DirectMethodHandleAccessor.java:103)
	at java.base/java.lang.reflect.Method.invoke(Method.java:580)
	at org.testng.internal.invokers.MethodInvocationHelper.invokeMethod(MethodInvocationHelper.java:141)
	at org.testng.internal.invokers.TestInvoker.invokeMethod(TestInvoker.java:687)
	at org.testng.internal.invokers.TestInvoker.invokeTestMethod(TestInvoker.java:230)
	at org.testng.internal.invokers.MethodRunner.runInSequence(MethodRunner.java:63)
	at org.testng.internal.invokers.TestInvoker$MethodInvocationAgent.invoke(TestInvoker.java:995)
	at org.testng.internal.invokers.TestInvoker.invokeTestMethods(TestInvoker.java:203)
	at org.testng.internal.invokers.TestMethodWorker.invokeTestMethods(TestMethodWorker.java:154)
	at org.testng.internal.invokers.TestMethodWorker.run(TestMethodWorker.java:134)
	at java.base/java.util.ArrayList.forEach(ArrayList.java:1597)
	at org.testng.TestRunner.privateRun(TestRunner.java:741)
	at org.testng.TestRunner.run(TestRunner.java:616)
	at org.testng.SuiteRunner.runTest(SuiteRunner.java:421)
	at org.testng.SuiteRunner.runSequentially(SuiteRunner.java:413)
	at org.testng.SuiteRunner.privateRun(SuiteRunner.java:373)
	at org.testng.SuiteRunner.run(SuiteRunner.java:312)
	at org.testng.SuiteRunnerWorker.runSuite(SuiteRunnerWorker.java:52)
	at org.testng.SuiteRunnerWorker.run(SuiteRunnerWorker.java:95)
	at org.testng.TestNG.runSuitesSequentially(TestNG.java:1274)
	at org.testng.TestNG.runSuitesLocally(TestNG.java:1208)
	at org.testng.TestNG.runSuites(TestNG.java:1112)
	at org.testng.TestNG.run(TestNG.java:1079)
	at tests.TestRunner.main(TestRunner.java:25)
</pre></div></td>
<td>1</td>
<td>tests.checkout.CheckOutInfoTest@29176cc1</td></tr>
</table><p>
<table width='100%' border='1' class='invocation-passed'>
<tr><td colspan='4' align='center'><b>PASSED TESTS</b></td></tr>
<tr><td><b>Test method</b></td>
<td><b>Attribute(s)</b></td>
<td width="30%"><b>Exception</b></td>
<td width="10%"><b>Time (seconds)</b></td>
<td><b>Instance</b></td>
</tr>
<tr>
<td title='tests.checkout.CheckOutOverViewTest.testClickOnFinishBTN()'><b>testClickOnFinishBTN</b><br>Test class: tests.checkout.CheckOutOverViewTest</td>
<td></td>
<td>0</td>
<td>tests.checkout.CheckOutOverViewTest@2f177a4b</td></tr>
<tr>
<td title='tests.YourCartTest.testTitleOfAllProductInCart()'><b>testTitleOfAllProductInCart</b><br>Test class: tests.YourCartTest</td>
<td></td>
<td>3</td>
<td>tests.YourCartTest@27ae2fd0</td></tr>
<tr>
<td title='tests.YourCartTest.testGoToYourCart()'><b>testGoToYourCart</b><br>Test class: tests.YourCartTest</td>
<td></td>
<td>0</td>
<td>tests.YourCartTest@27ae2fd0</td></tr>
<tr>
<td title='tests.home.AddToCart.VerifyCartCount()'><b>VerifyCartCount</b><br>Test class: tests.home.AddToCart</td>
<td></td>
<td>0</td>
<td>tests.home.AddToCart@2928854b</td></tr>
<tr>
<td title='tests.checkout.CheckOutInfoTest.testGoBack()'><b>testGoBack</b><br>Test class: tests.checkout.CheckOutInfoTest</td>
<td></td>
<td>0</td>
<td>tests.checkout.CheckOutInfoTest@29176cc1</td></tr>
<tr>
<td title='tests.checkout.CheckOutOverViewTest.testCartCalculations()'><b>testCartCalculations</b><br>Test class: tests.checkout.CheckOutOverViewTest</td>
<td></td>
<td>0</td>
<td>tests.checkout.CheckOutOverViewTest@2f177a4b</td></tr>
<tr>
<td title='tests.home.MenuTest.testCloseMenu()'><b>testCloseMenu</b><br>Test class: tests.home.MenuTest</td>
<td></td>
<td>0</td>
<td>tests.home.MenuTest@79efed2d</td></tr>
<tr>
<td title='tests.checkout.CheckOutOverViewTest.testTitleOfAllProductInCart()'><b>testTitleOfAllProductInCart</b><br>Test class: tests.checkout.CheckOutOverViewTest</td>
<td></td>
<td>2</td>
<td>tests.checkout.CheckOutOverViewTest@2f177a4b</td></tr>
<tr>
<td title='tests.LoginTest.testValidLogin()'><b>testValidLogin</b><br>Test class: tests.LoginTest<br>Parameters: standard_user, secret_sauce, https://www.saucedemo.com/inventory.html</td>
<td></td>
<td>0</td>
<td>tests.LoginTest@30b7c004</td></tr>
<tr>
<td title='tests.YourCartTest.testClickOnContinueShopping()'><b>testClickOnContinueShopping</b><br>Test class: tests.YourCartTest</td>
<td></td>
<td>0</td>
<td>tests.YourCartTest@27ae2fd0</td></tr>
<tr>
<td title='tests.checkout.CheckOutInfoTest.testInValidFormSubmission()'><b>testInValidFormSubmission</b><br>Test class: tests.checkout.CheckOutInfoTest<br>Parameters: , , , Error: First Name is required</td>
<td></td>
<td>1</td>
<td>tests.checkout.CheckOutInfoTest@29176cc1</td></tr>
<tr>
<td title='tests.home.AddToCart.addProductsToCart()'><b>addProductsToCart</b><br>Test class: tests.home.AddToCart</td>
<td></td>
<td>7</td>
<td>tests.home.AddToCart@2928854b</td></tr>
<tr>
<td title='tests.home.MenuTest.testOpenMenu()'><b>testOpenMenu</b><br>Test class: tests.home.MenuTest</td>
<td></td>
<td>0</td>
<td>tests.home.MenuTest@79efed2d</td></tr>
<tr>
<td title='tests.YourCartTest.testClickOnCheckout()'><b>testClickOnCheckout</b><br>Test class: tests.YourCartTest</td>
<td></td>
<td>0</td>
<td>tests.YourCartTest@27ae2fd0</td></tr>
<tr>
<td title='tests.checkout.CheckOutOverViewTest.testClickOnCancelBTN()'><b>testClickOnCancelBTN</b><br>Test class: tests.checkout.CheckOutOverViewTest</td>
<td></td>
<td>0</td>
<td>tests.checkout.CheckOutOverViewTest@2f177a4b</td></tr>
</table><p>
</body>
</html>