<?xml version="1.0" encoding="UTF-8"?>
<!-- Generated by org.testng.reporters.JUnitXMLReporter -->
<testsuite ignored="8" hostname="DESKTOP-BUIJLGK" failures="4" tests="19" name="SecondTests" time="23.957" errors="0" timestamp="2025-04-14T21:07:41 GMT+02:00">
  <testcase classname="tests.LoginTest" name="testValidLogin" time="0.745"/>
  <testcase classname="tests.home.MenuTest" name="testOpenMenu" time="0.299"/>
  <testcase classname="tests.home.MenuTest" name="testCloseMenu" time="0.858"/>
  <testcase classname="tests.home.AddToCart" name="addProductsToCart" time="7.036"/>
  <testcase classname="tests.home.AddToCart" name="VerifyCartCount" time="0.034"/>
  <testcase classname="tests.YourCartTest" name="testGoToYourCart" time="0.202"/>
  <testcase classname="tests.YourCartTest" name="testClickOnContinueShopping" time="0.287"/>
  <testcase classname="tests.YourCartTest" name="testTitleOfAllProductInCart" time="3.791"/>
  <testcase classname="tests.YourCartTest" name="testClickOnCheckout" time="0.257"/>
  <testcase classname="tests.checkout.CheckOutInfoTest" name="testGoBack" time="0.276"/>
  <testcase classname="tests.checkout.CheckOutInfoTest" name="testInValidFormSubmission" time="1.567">
    <failure type="java.lang.AssertionError" message="Last Name error icon should NOT be visible expected [false] but found [true]">
      <![CDATA[java.lang.AssertionError: Last Name error icon should NOT be visible expected [false] but found [true]
at pages.checkout.CheckOutInfoPage.inValidFormSubmission(CheckOutInfoPage.java:99)
at tests.checkout.CheckOutInfoTest.testInValidFormSubmission(CheckOutInfoTest.java:51)
at java.base/java.util.ArrayList.forEach(ArrayList.java:1597)
at tests.TestRunner.main(TestRunner.java:25)
... Removed 25 stack frames]]>
    </failure>
  </testcase> <!-- testInValidFormSubmission -->
  <testcase classname="tests.checkout.CheckOutInfoTest" name="testInValidFormSubmission" time="1.239">
    <failure type="java.lang.AssertionError" message="First Name error icon should NOT be visible expected [false] but found [true]">
      <![CDATA[java.lang.AssertionError: First Name error icon should NOT be visible expected [false] but found [true]
at pages.checkout.CheckOutInfoPage.inValidFormSubmission(CheckOutInfoPage.java:93)
at tests.checkout.CheckOutInfoTest.testInValidFormSubmission(CheckOutInfoTest.java:51)
at java.base/java.util.ArrayList.forEach(ArrayList.java:1597)
at tests.TestRunner.main(TestRunner.java:25)
... Removed 25 stack frames]]>
    </failure>
  </testcase> <!-- testInValidFormSubmission -->
  <testcase classname="tests.checkout.CheckOutInfoTest" name="testInValidFormSubmission" time="1.302">
    <failure type="java.lang.AssertionError" message="First Name error icon should NOT be visible expected [false] but found [true]">
      <![CDATA[java.lang.AssertionError: First Name error icon should NOT be visible expected [false] but found [true]
at pages.checkout.CheckOutInfoPage.inValidFormSubmission(CheckOutInfoPage.java:93)
at tests.checkout.CheckOutInfoTest.testInValidFormSubmission(CheckOutInfoTest.java:51)
at java.base/java.util.ArrayList.forEach(ArrayList.java:1597)
at tests.TestRunner.main(TestRunner.java:25)
... Removed 25 stack frames]]>
    </failure>
  </testcase> <!-- testInValidFormSubmission -->
  <testcase classname="tests.checkout.CheckOutInfoTest" name="testInValidFormSubmission" time="1.001"/>
  <testcase classname="tests.checkout.CheckOutInfoTest" name="testInValidFormSubmission" time="1.14">
    <failure type="java.lang.AssertionError" message="first name and last name field should not accept numbers! expected [https://www.saucedemo.com/checkout-step-one.html] but found [https://www.saucedemo.com/checkout-step-two.html]">
      <![CDATA[java.lang.AssertionError: first name and last name field should not accept numbers! expected [https://www.saucedemo.com/checkout-step-one.html] but found [https://www.saucedemo.com/checkout-step-two.html]
at pages.checkout.CheckOutInfoPage.inValidFormSubmission(CheckOutInfoPage.java:72)
at tests.checkout.CheckOutInfoTest.testInValidFormSubmission(CheckOutInfoTest.java:51)
at java.base/java.util.ArrayList.forEach(ArrayList.java:1597)
at tests.TestRunner.main(TestRunner.java:25)
... Removed 27 stack frames]]>
    </failure>
  </testcase> <!-- testInValidFormSubmission -->
  <testcase classname="tests.checkout.CheckOutOverViewTest" name="testClickOnCancelBTN" time="0.258"/>
  <testcase classname="tests.checkout.CheckOutOverViewTest" name="testCartCalculations" time="0.396"/>
  <testcase classname="tests.checkout.CheckOutOverViewTest" name="testTitleOfAllProductInCart" time="2.873"/>
  <testcase classname="tests.checkout.CheckOutOverViewTest" name="testClickOnFinishBTN" time="0.361"/>
  <testcase classname="tests.checkout.CheckOutInfoTest" name="testGoToCheckOut" time="0.0">
    <ignored/>
  </testcase> <!-- testGoToCheckOut -->
  <testcase classname="tests.LoginTest" name="testGotTOHomePage" time="0.0">
    <ignored/>
  </testcase> <!-- testGotTOHomePage -->
  <testcase classname="tests.home.MenuTest" name="testSideBarLinks" time="0.0">
    <ignored/>
  </testcase> <!-- testSideBarLinks -->
  <testcase classname="tests.home.MenuTest" name="testMenuExistAllPages" time="0.0">
    <ignored/>
  </testcase> <!-- testMenuExistAllPages -->
  <testcase classname="tests.home.AddToCart" name="verifyButtonsSwitchedToRemove" time="0.0">
    <ignored/>
  </testcase> <!-- verifyButtonsSwitchedToRemove -->
  <testcase classname="tests.YourCartTest" name="testRemoveCart" time="0.0">
    <ignored/>
  </testcase> <!-- testRemoveCart -->
  <testcase classname="tests.LoginTest" name="testInValidLogin" time="0.0">
    <ignored/>
  </testcase> <!-- testInValidLogin -->
  <testcase classname="tests.checkout.CheckOutInfoTest" name="testValidFormSubmission" time="0.0">
    <ignored/>
  </testcase> <!-- testValidFormSubmission -->
</testsuite> <!-- SecondTests -->
