<?xml version="1.0" encoding="UTF-8"?>
<!-- Generated by org.testng.reporters.JUnitXMLReporter -->
<testsuite ignored="4" hostname="DESKTOP-BUIJLGK" failures="4" tests="7" name="Command line test" time="14.533" errors="0" timestamp="2025-04-10T10:43:34 GMT+02:00">
  <testcase classname="tests.LoginTest" name="testValidLogin" time="1.156"/>
  <testcase classname="tests.home.AddToCart" name="addProductsToCart" time="7.102"/>
  <testcase classname="tests.checkout.CheckOutInfoTest" name="test" time="0.463"/>
  <testcase classname="tests.checkout.CheckOutInfoTest" name="testInValidFormSubmission" time="1.454">
    <failure type="org.openqa.selenium.StaleElementReferenceException" message="stale element reference: stale element not found in the current frame
  (Session info: chrome=135.0.7049.42)
For documentation on this error, please visit: https://www.selenium.dev/documentation/webdriver/troubleshooting/errors#stale-element-reference-exception
Build info: version: &amp;apos;4.29.0&amp;apos;, revision: &amp;apos;5fc1ec94cb&amp;apos;
System info: os.name: &amp;apos;Windows 11&amp;apos;, os.arch: &amp;apos;amd64&amp;apos;, os.version: &amp;apos;10.0&amp;apos;, java.version: &amp;apos;23.0.2&amp;apos;
Driver info: org.openqa.selenium.chrome.ChromeDriver
Command: [bd18f14304506861d31c3d19d0c613a1, isElementDisplayed {id=f.D953C59558E5C27043011718C67384B8.d.EDAD438931AD58E6256713F1832CE958.e.64}]
Capabilities {acceptInsecureCerts: false, browserName: chrome, browserVersion: 135.0.7049.42, chrome: {chromedriverVersion: 135.0.7049.84 (6c019e560019..., userDataDir: C:\Users\ITI\AppData\Local\...}, fedcm:accounts: true, goog:chromeOptions: {debuggerAddress: localhost:55962}, networkConnectionEnabled: false, pageLoadStrategy: normal, platformName: windows, proxy: Proxy(), se:cdp: ws://localhost:55962/devtoo..., se:cdpVersion: 135.0.7049.42, setWindowRect: true, strictFileInteractability: false, timeouts: {implicit: 0, pageLoad: 300000, script: 30000}, unhandledPromptBehavior: dismiss and notify, webauthn:extension:credBlob: true, webauthn:extension:largeBlob: true, webauthn:extension:minPinLength: true, webauthn:extension:prf: true, webauthn:virtualAuthenticators: true}
Element: [[ChromeDriver: chrome on windows (bd18f14304506861d31c3d19d0c613a1)] -&amp;gt; css selector: svg.svg-inline--fa.fa-times-circle.fa-w-16.error_icon]
Session ID: bd18f14304506861d31c3d19d0c613a1">
      <![CDATA[org.openqa.selenium.StaleElementReferenceException: stale element reference: stale element not found in the current frame
  (Session info: chrome=135.0.7049.42)
For documentation on this error, please visit: https://www.selenium.dev/documentation/webdriver/troubleshooting/errors#stale-element-reference-exception
Build info: version: '4.29.0', revision: '5fc1ec94cb'
System info: os.name: 'Windows 11', os.arch: 'amd64', os.version: '10.0', java.version: '23.0.2'
Driver info: org.openqa.selenium.chrome.ChromeDriver
Command: [bd18f14304506861d31c3d19d0c613a1, isElementDisplayed {id=f.D953C59558E5C27043011718C67384B8.d.EDAD438931AD58E6256713F1832CE958.e.64}]
Capabilities {acceptInsecureCerts: false, browserName: chrome, browserVersion: 135.0.7049.42, chrome: {chromedriverVersion: 135.0.7049.84 (6c019e560019..., userDataDir: C:\Users\ITI\AppData\Local\...}, fedcm:accounts: true, goog:chromeOptions: {debuggerAddress: localhost:55962}, networkConnectionEnabled: false, pageLoadStrategy: normal, platformName: windows, proxy: Proxy(), se:cdp: ws://localhost:55962/devtoo..., se:cdpVersion: 135.0.7049.42, setWindowRect: true, strictFileInteractability: false, timeouts: {implicit: 0, pageLoad: 300000, script: 30000}, unhandledPromptBehavior: dismiss and notify, webauthn:extension:credBlob: true, webauthn:extension:largeBlob: true, webauthn:extension:minPinLength: true, webauthn:extension:prf: true, webauthn:virtualAuthenticators: true}
Element: [[ChromeDriver: chrome on windows (bd18f14304506861d31c3d19d0c613a1)] -> css selector: svg.svg-inline--fa.fa-times-circle.fa-w-16.error_icon]
Session ID: bd18f14304506861d31c3d19d0c613a1
at org.openqa.selenium.remote.ErrorCodec.decode(ErrorCodec.java:167)
at org.openqa.selenium.remote.codec.w3c.W3CHttpResponseCodec.decode(W3CHttpResponseCodec.java:138)
at org.openqa.selenium.remote.codec.w3c.W3CHttpResponseCodec.decode(W3CHttpResponseCodec.java:50)
at org.openqa.selenium.remote.HttpCommandExecutor.execute(HttpCommandExecutor.java:215)
at org.openqa.selenium.remote.service.DriverCommandExecutor.invokeExecute(DriverCommandExecutor.java:216)
at org.openqa.selenium.remote.service.DriverCommandExecutor.execute(DriverCommandExecutor.java:174)
at org.openqa.selenium.remote.RemoteWebDriver.execute(RemoteWebDriver.java:545)
at org.openqa.selenium.remote.RemoteWebElement.execute(RemoteWebElement.java:223)
at org.openqa.selenium.remote.RemoteWebElement.isDisplayed(RemoteWebElement.java:282)
at tests.checkout.CheckOutInfoTest.testInValidFormSubmission(CheckOutInfoTest.java:113)
at java.base/java.util.ArrayList.forEach(ArrayList.java:1597)
at tests.TestRunner.main(TestRunner.java:25)
... Removed 25 stack frames]]>
    </failure>
  </testcase> <!-- testInValidFormSubmission -->
  <testcase classname="tests.checkout.CheckOutInfoTest" name="testInValidFormSubmission" time="1.356">
    <failure type="java.lang.AssertionError" message="First Name error icon should NOT be visible expected [false] but found [true]">
      <![CDATA[java.lang.AssertionError: First Name error icon should NOT be visible expected [false] but found [true]
at tests.checkout.CheckOutInfoTest.testInValidFormSubmission(CheckOutInfoTest.java:105)
at java.base/java.util.ArrayList.forEach(ArrayList.java:1597)
at tests.TestRunner.main(TestRunner.java:25)
... Removed 25 stack frames]]>
    </failure>
  </testcase> <!-- testInValidFormSubmission -->
  <testcase classname="tests.checkout.CheckOutInfoTest" name="testInValidFormSubmission" time="1.509">
    <failure type="java.lang.AssertionError" message="First Name error icon should NOT be visible expected [false] but found [true]">
      <![CDATA[java.lang.AssertionError: First Name error icon should NOT be visible expected [false] but found [true]
at tests.checkout.CheckOutInfoTest.testInValidFormSubmission(CheckOutInfoTest.java:105)
at java.base/java.util.ArrayList.forEach(ArrayList.java:1597)
at tests.TestRunner.main(TestRunner.java:25)
... Removed 25 stack frames]]>
    </failure>
  </testcase> <!-- testInValidFormSubmission -->
  <testcase classname="tests.checkout.CheckOutInfoTest" name="testInValidFormSubmission" time="1.368">
    <failure type="org.openqa.selenium.StaleElementReferenceException" message="stale element reference: stale element not found in the current frame
  (Session info: chrome=135.0.7049.42)
For documentation on this error, please visit: https://www.selenium.dev/documentation/webdriver/troubleshooting/errors#stale-element-reference-exception
Build info: version: &amp;apos;4.29.0&amp;apos;, revision: &amp;apos;5fc1ec94cb&amp;apos;
System info: os.name: &amp;apos;Windows 11&amp;apos;, os.arch: &amp;apos;amd64&amp;apos;, os.version: &amp;apos;10.0&amp;apos;, java.version: &amp;apos;23.0.2&amp;apos;
Driver info: org.openqa.selenium.chrome.ChromeDriver
Command: [bd18f14304506861d31c3d19d0c613a1, isElementDisplayed {id=f.D953C59558E5C27043011718C67384B8.d.EDAD438931AD58E6256713F1832CE958.e.71}]
Capabilities {acceptInsecureCerts: false, browserName: chrome, browserVersion: 135.0.7049.42, chrome: {chromedriverVersion: 135.0.7049.84 (6c019e560019..., userDataDir: C:\Users\ITI\AppData\Local\...}, fedcm:accounts: true, goog:chromeOptions: {debuggerAddress: localhost:55962}, networkConnectionEnabled: false, pageLoadStrategy: normal, platformName: windows, proxy: Proxy(), se:cdp: ws://localhost:55962/devtoo..., se:cdpVersion: 135.0.7049.42, setWindowRect: true, strictFileInteractability: false, timeouts: {implicit: 0, pageLoad: 300000, script: 30000}, unhandledPromptBehavior: dismiss and notify, webauthn:extension:credBlob: true, webauthn:extension:largeBlob: true, webauthn:extension:minPinLength: true, webauthn:extension:prf: true, webauthn:virtualAuthenticators: true}
Element: [[ChromeDriver: chrome on windows (bd18f14304506861d31c3d19d0c613a1)] -&amp;gt; css selector: svg.svg-inline--fa.fa-times-circle.fa-w-16.error_icon]
Session ID: bd18f14304506861d31c3d19d0c613a1">
      <![CDATA[org.openqa.selenium.StaleElementReferenceException: stale element reference: stale element not found in the current frame
  (Session info: chrome=135.0.7049.42)
For documentation on this error, please visit: https://www.selenium.dev/documentation/webdriver/troubleshooting/errors#stale-element-reference-exception
Build info: version: '4.29.0', revision: '5fc1ec94cb'
System info: os.name: 'Windows 11', os.arch: 'amd64', os.version: '10.0', java.version: '23.0.2'
Driver info: org.openqa.selenium.chrome.ChromeDriver
Command: [bd18f14304506861d31c3d19d0c613a1, isElementDisplayed {id=f.D953C59558E5C27043011718C67384B8.d.EDAD438931AD58E6256713F1832CE958.e.71}]
Capabilities {acceptInsecureCerts: false, browserName: chrome, browserVersion: 135.0.7049.42, chrome: {chromedriverVersion: 135.0.7049.84 (6c019e560019..., userDataDir: C:\Users\ITI\AppData\Local\...}, fedcm:accounts: true, goog:chromeOptions: {debuggerAddress: localhost:55962}, networkConnectionEnabled: false, pageLoadStrategy: normal, platformName: windows, proxy: Proxy(), se:cdp: ws://localhost:55962/devtoo..., se:cdpVersion: 135.0.7049.42, setWindowRect: true, strictFileInteractability: false, timeouts: {implicit: 0, pageLoad: 300000, script: 30000}, unhandledPromptBehavior: dismiss and notify, webauthn:extension:credBlob: true, webauthn:extension:largeBlob: true, webauthn:extension:minPinLength: true, webauthn:extension:prf: true, webauthn:virtualAuthenticators: true}
Element: [[ChromeDriver: chrome on windows (bd18f14304506861d31c3d19d0c613a1)] -> css selector: svg.svg-inline--fa.fa-times-circle.fa-w-16.error_icon]
Session ID: bd18f14304506861d31c3d19d0c613a1
at org.openqa.selenium.remote.ErrorCodec.decode(ErrorCodec.java:167)
at org.openqa.selenium.remote.codec.w3c.W3CHttpResponseCodec.decode(W3CHttpResponseCodec.java:138)
at org.openqa.selenium.remote.codec.w3c.W3CHttpResponseCodec.decode(W3CHttpResponseCodec.java:50)
at org.openqa.selenium.remote.HttpCommandExecutor.execute(HttpCommandExecutor.java:215)
at org.openqa.selenium.remote.service.DriverCommandExecutor.invokeExecute(DriverCommandExecutor.java:216)
at org.openqa.selenium.remote.service.DriverCommandExecutor.execute(DriverCommandExecutor.java:174)
at org.openqa.selenium.remote.RemoteWebDriver.execute(RemoteWebDriver.java:545)
at org.openqa.selenium.remote.RemoteWebElement.execute(RemoteWebElement.java:223)
at org.openqa.selenium.remote.RemoteWebElement.isDisplayed(RemoteWebElement.java:282)
at tests.checkout.CheckOutInfoTest.testInValidFormSubmission(CheckOutInfoTest.java:110)
at java.base/java.util.ArrayList.forEach(ArrayList.java:1597)
at tests.TestRunner.main(TestRunner.java:25)
... Removed 25 stack frames]]>
    </failure>
  </testcase> <!-- testInValidFormSubmission -->
  <testcase classname="tests.base.BaseTest" name="@BeforeSuite BeforeClass" time="0.0">
    <ignored/>
  </testcase> <!-- @BeforeSuite BeforeClass -->
  <testcase classname="tests.base.BaseTest" name="@AfterSuite AfterClass" time="0.0">
    <ignored/>
  </testcase> <!-- @AfterSuite AfterClass -->
  <testcase classname="tests.base.BaseTest" name="@AfterSuite AfterClass" time="0.0">
    <ignored/>
  </testcase> <!-- @AfterSuite AfterClass -->
  <testcase classname="tests.base.BaseTest" name="@BeforeSuite BeforeClass" time="0.0">
    <ignored/>
  </testcase> <!-- @BeforeSuite BeforeClass -->
</testsuite> <!-- Command line test -->
